<?xml version="1.0" encoding="UTF-8"?>
<!-- Generated by org.testng.reporters.JUnitReportReporter -->
<testsuite hostname="LAPTOP-ML0REIP9" failures="0" tests="2" name="com.TestNG.TestNG" time="9.718" errors="0" timestamp="2022-03-11T11:24:55 IST" skipped="0">
  <testcase classname="com.TestNG.TestNG" name="verifyPageTitleTest" time="5.043"/>
  <system-out/>
  <testcase classname="com.TestNG.TestNG" name="verifyFreeCRMLogoTest" time="4.675"/>
  <system-out/>
</testsuite> <!-- com.TestNG.TestNG -->
